commit 0dab0938c78fe182c9d4f10a5bebdb74f5b11742
Author: Charles David <charleswd@hotmail.ca>
Date:   Tue Nov 19 20:17:46 2019 -0500

    modified functions to give correctly formatted output

commit a0a5aeb454a1d7709a28a23670eebf4ed227315a
Author: Charles David <charleswd@hotmail.ca>
Date:   Tue Nov 19 20:15:01 2019 -0500

    removed empty line from end of file

commit c0808d8b2b6d406a1246394bdb40af2bb0c06c20
Author: Charles David <charleswd@hotmail.ca>
Date:   Tue Nov 19 17:53:21 2019 -0500

    created .gitignore file to not include compiled files

commit cdad50907de240bbb121b4df9c7df457a275f7bf
Author: Charles David <charleswd@hotmail.ca>
Date:   Tue Nov 19 17:48:17 2019 -0500

    modified typo in makefile

commit f931d04ccd3e3690888ddfe2d5684ccb5e17baf6
Author: Charles David <charleswd@hotmail.ca>
Date:   Tue Nov 19 17:40:14 2019 -0500

    created header files

commit 71955ea017178a41ad52fca019f604faef691914
Author: Charles David <charleswd@hotmail.ca>
Date:   Tue Nov 19 00:03:22 2019 -0500

    created main function

commit b272671f03f92db08bd747ee53d46c0ec35c17fd
Author: Charles David <charleswd@hotmail.ca>
Date:   Mon Nov 18 23:58:23 2019 -0500

    modified pointer types

commit b4541fed4cd44137bdb4a535e5185524d691c1f0
Author: Charles David <charleswd@hotmail.ca>
Date:   Mon Nov 18 23:27:10 2019 -0500

    modified pointers in  parse function

commit cd899494bf3061998f235a7c140d347426a01667
Author: Charles David <charleswd@hotmail.ca>
Date:   Mon Nov 18 23:07:56 2019 -0500

    modified findUpdate function

commit 7d33885802c641ff4f834251929765cefe85b98a
Author: Charles David <charleswd@hotmail.ca>
Date:   Mon Nov 18 22:58:39 2019 -0500

    modified parse() function

commit 07c792f505643272fc55d0ec5821a56edaefb72f
Author: Charles David <charleswd@hotmail.ca>
Date:   Mon Nov 18 22:56:33 2019 -0500

    modified students.ssv

commit cb19442fa425794a0f2b56efc417b90c557d1951
Author: Charles David <charleswd@hotmail.ca>
Date:   Mon Nov 18 22:52:56 2019 -0500

    added appropriate functions to linked.c & ssv.c and created students.ssv

commit df78f3972f50f886c6b7daf3654bd3e841f77861
Merge: 3e2775a dce0824
Author: Charles David <Charles@Charless-MacBook-Air.local>
Date:   Mon Nov 18 18:38:19 2019 -0500

    Merge branch 'master' of https://github.com/CharlesWDavid/Comp206_A6

commit 3e2775ab8e762fa5942498af1d3ece9921df94a8
Author: Charles David <Charles@Charless-MacBook-Air.local>
Date:   Mon Nov 18 18:37:30 2019 -0500

    created makefile

commit dce0824d9cb5fa68bb68549308623b6d80629167
Author: Charles David <charleswd@hotmail.ca>
Date:   Mon Nov 18 17:50:29 2019 -0500

    Update README.md

commit c85ff7dbb97b4d171f9f3df418b3a5e0565f4d09
Author: Charles David <Charles@Charless-MacBook-Air.local>
Date:   Mon Nov 18 17:48:54 2019 -0500

    added README.md

commit 967af184769fcd735f02ff4a8be2f05da80cb17d
Author: Charles David <Charles@Charless-MacBook-Air.local>
Date:   Mon Nov 18 17:45:21 2019 -0500

    initialized files
